2024.05.21 19:53:46 INFO  Started: Metals version 1.3.1 in folders '/Users/olakunlekuye/Documents/Dev/RockTheJVM/TypelevelProject' for client Visual Studio Code 1.89.1.[0m
SLF4J(W): Class path contains multiple SLF4J providers.
SLF4J(W): Found provider [scribe.slf4j.ScribeServiceProvider@4481189c]
SLF4J(W): Found provider [ch.qos.logback.classic.spi.LogbackServiceProvider@630bf1a7]
SLF4J(W): See https://www.slf4j.org/codes.html#multiple_bindings for an explanation.
SLF4J(I): Actual provider is of type [scribe.slf4j.ScribeServiceProvider@4481189c]
2024.05.21 19:53:47 WARN  Flyway upgrade recommended: H2 2.2.224 is newer than this version of Flyway and support has not been tested. The latest supported version of H2 is 2.2.220.[0m
2024.05.21 19:57:04 INFO  no build target found for /Users/olakunlekuye/Documents/Dev/RockTheJVM/TypelevelProject/build.sbt. Using presentation compiler with project's scala-library version: 3.3.3[0m
2024.05.21 19:57:04 INFO  no build target found for /Users/olakunlekuye/Documents/Dev/RockTheJVM/TypelevelProject/build.sbt. Using presentation compiler with project's scala-library version: 3.3.3[0m
2024.05.21 19:57:05 INFO  no build target found for /Users/olakunlekuye/Documents/Dev/RockTheJVM/TypelevelProject/build.sbt. Using presentation compiler with project's scala-library version: 3.3.3[0m
2024.05.21 19:57:06 INFO  time: code lens generation in 1.81s[0m
2024.05.21 19:57:08 INFO  no build target found for /Users/olakunlekuye/Documents/Dev/RockTheJVM/TypelevelProject/build.sbt. Using presentation compiler with project's scala-library version: 3.3.3[0m
2024.05.21 19:57:08 INFO  no build target found for /Users/olakunlekuye/Documents/Dev/RockTheJVM/TypelevelProject/src/main/scala/com/klxsolutions/Application.scala. Using presentation compiler with project's scala-library version: 3.3.3[0m
2024.05.21 19:57:08 INFO  no build target found for /Users/olakunlekuye/Documents/Dev/RockTheJVM/TypelevelProject/src/main/scala/com/klxsolutions/Application.scala. Using presentation compiler with project's scala-library version: 3.3.3[0m
2024.05.21 19:57:08 INFO  no build target found for /Users/olakunlekuye/Documents/Dev/RockTheJVM/TypelevelProject/src/main/scala/com/klxsolutions/Application.scala. Using presentation compiler with project's scala-library version: 3.3.3[0m
2024.05.21 19:57:13 INFO  no build target found for /Users/olakunlekuye/Documents/Dev/RockTheJVM/TypelevelProject/src/main/scala/com/klxsolutions/Application.scala. Using presentation compiler with project's scala-library version: 3.3.3[0m
2024.05.21 19:57:13 INFO  no build target found for /Users/olakunlekuye/Documents/Dev/RockTheJVM/TypelevelProject/src/main/scala/com/klxsolutions/jobsboard/logging/syntax.scala. Using presentation compiler with project's scala-library version: 3.3.3[0m
2024.05.21 19:57:13 INFO  no build target found for /Users/olakunlekuye/Documents/Dev/RockTheJVM/TypelevelProject/src/main/scala/com/klxsolutions/jobsboard/logging/syntax.scala. Using presentation compiler with project's scala-library version: 3.3.3[0m
2024.05.21 19:57:20 INFO  no build target found for /Users/olakunlekuye/Documents/Dev/RockTheJVM/TypelevelProject/src/main/scala/com/klxsolutions/jobsboard/logging/syntax.scala. Using presentation compiler with project's scala-library version: 3.3.3[0m
2024.05.21 19:57:20 INFO  no build target found for /Users/olakunlekuye/Documents/Dev/RockTheJVM/TypelevelProject/src/main/scala/com/klxsolutions/jobsboard/http/HttpApi.scala. Using presentation compiler with project's scala-library version: 3.3.3[0m
2024.05.21 19:57:20 INFO  no build target found for /Users/olakunlekuye/Documents/Dev/RockTheJVM/TypelevelProject/src/main/scala/com/klxsolutions/jobsboard/http/HttpApi.scala. Using presentation compiler with project's scala-library version: 3.3.3[0m
2024.05.21 19:57:23 INFO  no build target found for /Users/olakunlekuye/Documents/Dev/RockTheJVM/TypelevelProject/src/main/scala/com/klxsolutions/jobsboard/http/HttpApi.scala. Using presentation compiler with project's scala-library version: 3.3.3[0m
2024.05.21 19:57:23 INFO  no build target found for /Users/olakunlekuye/Documents/Dev/RockTheJVM/TypelevelProject/src/main/scala/com/klxsolutions/jobsboard/http/routes/JobRoutes.scala. Using presentation compiler with project's scala-library version: 3.3.3[0m
2024.05.21 19:57:24 INFO  no build target found for /Users/olakunlekuye/Documents/Dev/RockTheJVM/TypelevelProject/src/main/scala/com/klxsolutions/jobsboard/http/routes/JobRoutes.scala. Using presentation compiler with project's scala-library version: 3.3.3[0m
2024.05.21 19:57:23 INFO  no build target found for /Users/olakunlekuye/Documents/Dev/RockTheJVM/TypelevelProject/src/main/scala/com/klxsolutions/jobsboard/http/routes/JobRoutes.scala. Using presentation compiler with project's scala-library version: 3.3.3[0m
2024.05.21 19:57:27 INFO  no build target found for /Users/olakunlekuye/Documents/Dev/RockTheJVM/TypelevelProject/src/main/scala/com/klxsolutions/jobsboard/http/routes/JobRoutes.scala. Using presentation compiler with project's scala-library version: 3.3.3[0m
2024.05.21 19:57:27 INFO  no build target found for /Users/olakunlekuye/Documents/Dev/RockTheJVM/TypelevelProject/src/main/scala/com/klxsolutions/jobsboard/http/routes/HealthRoutes.scala. Using presentation compiler with project's scala-library version: 3.3.3[0m
2024.05.21 19:57:27 INFO  no build target found for /Users/olakunlekuye/Documents/Dev/RockTheJVM/TypelevelProject/src/main/scala/com/klxsolutions/jobsboard/http/routes/HealthRoutes.scala. Using presentation compiler with project's scala-library version: 3.3.3[0m
2024.05.21 19:57:31 INFO  no build target found for /Users/olakunlekuye/Documents/Dev/RockTheJVM/TypelevelProject/src/main/scala/com/klxsolutions/jobsboard/http/routes/HealthRoutes.scala. Using presentation compiler with project's scala-library version: 3.3.3[0m
2024.05.21 19:57:31 INFO  no build target found for /Users/olakunlekuye/Documents/Dev/RockTheJVM/TypelevelProject/src/main/scala/com/klxsolutions/jobsboard/http/responses/FailureResponse.scala. Using presentation compiler with project's scala-library version: 3.3.3[0m
2024.05.21 19:57:31 INFO  no build target found for /Users/olakunlekuye/Documents/Dev/RockTheJVM/TypelevelProject/src/main/scala/com/klxsolutions/jobsboard/http/responses/FailureResponse.scala. Using presentation compiler with project's scala-library version: 3.3.3[0m
2024.05.21 19:57:35 INFO  no build target found for /Users/olakunlekuye/Documents/Dev/RockTheJVM/TypelevelProject/src/main/scala/com/klxsolutions/jobsboard/http/responses/FailureResponse.scala. Using presentation compiler with project's scala-library version: 3.3.3[0m
2024.05.21 19:57:35 INFO  no build target found for /Users/olakunlekuye/Documents/Dev/RockTheJVM/TypelevelProject/src/main/scala/com/klxsolutions/jobsboard/domain/JenkinsTest.scala. Using presentation compiler with project's scala-library version: 3.3.3[0m
2024.05.21 19:57:35 INFO  no build target found for /Users/olakunlekuye/Documents/Dev/RockTheJVM/TypelevelProject/src/main/scala/com/klxsolutions/jobsboard/domain/JenkinsTest.scala. Using presentation compiler with project's scala-library version: 3.3.3[0m
2024.05.21 19:57:36 INFO  no build target found for /Users/olakunlekuye/Documents/Dev/RockTheJVM/TypelevelProject/src/main/scala/com/klxsolutions/jobsboard/domain/JenkinsTest.scala. Using presentation compiler with project's scala-library version: 3.3.3[0m
2024.05.21 19:57:36 INFO  no build target found for /Users/olakunlekuye/Documents/Dev/RockTheJVM/TypelevelProject/src/main/scala/com/klxsolutions/jobsboard/domain/Job.scala. Using presentation compiler with project's scala-library version: 3.3.3[0m
2024.05.21 19:57:36 INFO  no build target found for /Users/olakunlekuye/Documents/Dev/RockTheJVM/TypelevelProject/src/main/scala/com/klxsolutions/jobsboard/domain/Job.scala. Using presentation compiler with project's scala-library version: 3.3.3[0m
2024.05.21 19:57:36 INFO  no build target found for /Users/olakunlekuye/Documents/Dev/RockTheJVM/TypelevelProject/src/main/scala/com/klxsolutions/jobsboard/domain/Job.scala. Using presentation compiler with project's scala-library version: 3.3.3[0m
2024.05.21 19:57:39 INFO  no build target found for /Users/olakunlekuye/Documents/Dev/RockTheJVM/TypelevelProject/src/main/scala/com/klxsolutions/jobsboard/domain/Job.scala. Using presentation compiler with project's scala-library version: 3.3.3[0m
2024.05.21 19:57:39 INFO  no build target found for /Users/olakunlekuye/Documents/Dev/RockTheJVM/TypelevelProject/src/main/scala/com/klxsolutions/jobsboard/core/Jobs.scala. Using presentation compiler with project's scala-library version: 3.3.3[0m
2024.05.21 19:57:39 INFO  no build target found for /Users/olakunlekuye/Documents/Dev/RockTheJVM/TypelevelProject/src/main/scala/com/klxsolutions/jobsboard/core/Jobs.scala. Using presentation compiler with project's scala-library version: 3.3.3[0m
2024.05.21 19:57:43 INFO  no build target found for /Users/olakunlekuye/Documents/Dev/RockTheJVM/TypelevelProject/src/main/scala/com/klxsolutions/jobsboard/core/Jobs.scala. Using presentation compiler with project's scala-library version: 3.3.3[0m
2024.05.21 19:57:43 INFO  no build target found for /Users/olakunlekuye/Documents/Dev/RockTheJVM/TypelevelProject/src/main/scala/com/klxsolutions/jobsboard/core/Jobs.scala. Using presentation compiler with project's scala-library version: 3.3.3[0m
2024.05.21 19:57:46 INFO  no build target found for /Users/olakunlekuye/Documents/Dev/RockTheJVM/TypelevelProject/src/main/scala/com/klxsolutions/jobsboard/core/Jobs.scala. Using presentation compiler with project's scala-library version: 3.3.3[0m
2024.05.21 19:57:46 INFO  no build target found for /Users/olakunlekuye/Documents/Dev/RockTheJVM/TypelevelProject/src/main/scala/com/klxsolutions/jobsboard/core/Jobs.scala. Using presentation compiler with project's scala-library version: 3.3.3[0m
2024.05.21 19:57:48 INFO  no build target found for /Users/olakunlekuye/Documents/Dev/RockTheJVM/TypelevelProject/src/main/scala/com/klxsolutions/jobsboard/core/Jobs.scala. Using presentation compiler with project's scala-library version: 3.3.3[0m
2024.05.21 19:57:48 INFO  no build target found for /Users/olakunlekuye/Documents/Dev/RockTheJVM/TypelevelProject/src/main/scala/com/klxsolutions/jobsboard/core/Jobs.scala. Using presentation compiler with project's scala-library version: 3.3.3[0m
2024.05.21 19:57:49 INFO  no build target found for /Users/olakunlekuye/Documents/Dev/RockTheJVM/TypelevelProject/src/main/scala/com/klxsolutions/jobsboard/core/Jobs.scala. Using presentation compiler with project's scala-library version: 3.3.3[0m
2024.05.21 19:57:50 INFO  no build target found for /Users/olakunlekuye/Documents/Dev/RockTheJVM/TypelevelProject/src/main/scala/com/klxsolutions/jobsboard/core/Jobs.scala. Using presentation compiler with project's scala-library version: 3.3.3[0m
2024.05.21 19:57:50 INFO  no build target found for /Users/olakunlekuye/Documents/Dev/RockTheJVM/TypelevelProject/src/main/scala/com/klxsolutions/jobsboard/core/Jobs.scala. Using presentation compiler with project's scala-library version: 3.3.3[0m
2024.05.21 19:57:59 INFO  no build target found for /Users/olakunlekuye/Documents/Dev/RockTheJVM/TypelevelProject/src/main/scala/com/klxsolutions/jobsboard/config/EmberConfig.scala. Using presentation compiler with project's scala-library version: 3.3.3[0m
2024.05.21 19:57:59 INFO  no build target found for /Users/olakunlekuye/Documents/Dev/RockTheJVM/TypelevelProject/src/main/scala/com/klxsolutions/jobsboard/core/Jobs.scala. Using presentation compiler with project's scala-library version: 3.3.3[0m
2024.05.21 19:57:59 INFO  no build target found for /Users/olakunlekuye/Documents/Dev/RockTheJVM/TypelevelProject/src/main/scala/com/klxsolutions/jobsboard/config/EmberConfig.scala. Using presentation compiler with project's scala-library version: 3.3.3[0m
2024.05.21 19:57:59 INFO  no build target found for /Users/olakunlekuye/Documents/Dev/RockTheJVM/TypelevelProject/src/main/scala/com/klxsolutions/jobsboard/config/EmberConfig.scala. Using presentation compiler with project's scala-library version: 3.3.3[0m
2024.05.21 19:58:01 INFO  no build target found for /Users/olakunlekuye/Documents/Dev/RockTheJVM/TypelevelProject/src/main/scala/com/klxsolutions/jobsboard/config/EmberConfig.scala. Using presentation compiler with project's scala-library version: 3.3.3[0m
2024.05.21 19:58:01 INFO  no build target found for /Users/olakunlekuye/Documents/Dev/RockTheJVM/TypelevelProject/src/main/scala/com/klxsolutions/jobsboard/config/syntax.scala. Using presentation compiler with project's scala-library version: 3.3.3[0m
2024.05.21 19:58:01 INFO  no build target found for /Users/olakunlekuye/Documents/Dev/RockTheJVM/TypelevelProject/src/main/scala/com/klxsolutions/jobsboard/core/Jobs.scala. Using presentation compiler with project's scala-library version: 3.3.3[0m
2024.05.21 19:58:01 INFO  no build target found for /Users/olakunlekuye/Documents/Dev/RockTheJVM/TypelevelProject/src/main/scala/com/klxsolutions/jobsboard/config/syntax.scala. Using presentation compiler with project's scala-library version: 3.3.3[0m
